<?xml version="1.0" encoding="UTF-8"?>
<testng-results ignored="0" total="3" passed="3" failed="0" skipped="0">
  <reporter-output>
  </reporter-output>
  <suite started-at="2023-08-24T07:08:22 GMT" name="Default suite" finished-at="2023-08-24T07:08:23 GMT" duration-ms="1303">
    <groups>
      <group name="cucumber">
        <method signature="AbstractTestNGCucumberTests.runScenario(io.cucumber.testng.PickleWrapper,io.cucumber.testng.FeatureWrapper)[pri:0, instance:runners.MyTestRunner@46cdf8bd]" name="runScenario" class="io.cucumber.testng.AbstractTestNGCucumberTests"/>
      </group> <!-- cucumber -->
    </groups>
    <test started-at="2023-08-24T07:08:22 GMT" name="Default test" finished-at="2023-08-24T07:08:23 GMT" duration-ms="1303">
      <class name="runners.MyTestRunner">
        <test-method is-config="true" signature="setUpClass(org.testng.ITestContext)[pri:0, instance:runners.MyTestRunner@46cdf8bd]" started-at="2023-08-24T07:08:22 GMT" name="setUpClass" finished-at="2023-08-24T07:08:23 GMT" duration-ms="900" status="PASS">
          <params>
            <param index="0">
              <value>
                <![CDATA[org.testng.TestRunner@7fcff1b9]]>
              </value>
            </param>
          </params>
          <reporter-output>
          </reporter-output>
        </test-method> <!-- setUpClass -->
        <test-method signature="runScenario(io.cucumber.testng.PickleWrapper,io.cucumber.testng.FeatureWrapper)[pri:0, instance:runners.MyTestRunner@46cdf8bd]" started-at="2023-08-24T07:08:23 GMT" name="runScenario" description="Runs Cucumber Scenarios" data-provider="scenarios" finished-at="2023-08-24T07:08:23 GMT" duration-ms="124" status="PASS">
          <params>
            <param index="0">
              <value>
                <![CDATA["Search Java Tuturial"]]>
              </value>
            </param>
            <param index="1">
              <value>
                <![CDATA["Google Page Search Function"]]>
              </value>
            </param>
          </params>
          <reporter-output>
          </reporter-output>
        </test-method> <!-- runScenario -->
        <test-method signature="runScenario(io.cucumber.testng.PickleWrapper,io.cucumber.testng.FeatureWrapper)[pri:0, instance:runners.MyTestRunner@46cdf8bd]" started-at="2023-08-24T07:08:23 GMT" name="runScenario" description="Runs Cucumber Scenarios" data-provider="scenarios" finished-at="2023-08-24T07:08:23 GMT" duration-ms="10" status="PASS">
          <params>
            <param index="0">
              <value>
                <![CDATA["Search Selenium Tuturial"]]>
              </value>
            </param>
            <param index="1">
              <value>
                <![CDATA["Google Page Search Function"]]>
              </value>
            </param>
          </params>
          <reporter-output>
          </reporter-output>
        </test-method> <!-- runScenario -->
        <test-method signature="runScenario(io.cucumber.testng.PickleWrapper,io.cucumber.testng.FeatureWrapper)[pri:0, instance:runners.MyTestRunner@46cdf8bd]" started-at="2023-08-24T07:08:23 GMT" name="runScenario" description="Runs Cucumber Scenarios" data-provider="scenarios" finished-at="2023-08-24T07:08:23 GMT" duration-ms="11" status="PASS">
          <params>
            <param index="0">
              <value>
                <![CDATA["Send email to user"]]>
              </value>
            </param>
            <param index="1">
              <value>
                <![CDATA["Sending Email"]]>
              </value>
            </param>
          </params>
          <reporter-output>
          </reporter-output>
        </test-method> <!-- runScenario -->
        <test-method is-config="true" signature="tearDownClass()[pri:0, instance:runners.MyTestRunner@46cdf8bd]" started-at="2023-08-24T07:08:23 GMT" name="tearDownClass" finished-at="2023-08-24T07:08:23 GMT" duration-ms="150" status="PASS">
          <reporter-output>
          </reporter-output>
        </test-method> <!-- tearDownClass -->
      </class> <!-- runners.MyTestRunner -->
    </test> <!-- Default test -->
  </suite> <!-- Default suite -->
</testng-results>
