<?xml version="1.0" encoding="UTF-8"?>
<!-- Generated by org.testng.reporters.JUnitReportReporter -->
<testsuite hostname="DESKTOP-KSHSJ1H" failures="1" tests="3" name="runners.MyTestRunner" time="123.687" errors="0" timestamp="2023-08-24T18:03:01 IST" skipped="0">
  <testcase classname="runners.MyTestRunner" name="runScenario" time="59.114"/>
  <system-out/>
  <testcase classname="runners.MyTestRunner" name="runScenario" time="33.525">
    <failure message="expected [Selenium Tutorial - Google Search Page] but found [Selenium Tutorial - Google Search]" type="java.lang.AssertionError">
      <![CDATA[java.lang.AssertionError: expected [Selenium Tutorial - Google Search Page] but found [Selenium Tutorial - Google Search]
at org.testng.Assert.fail(Assert.java:110)
at org.testng.Assert.failNotEquals(Assert.java:1413)
at org.testng.Assert.assertEqualsImpl(Assert.java:149)
at org.testng.Assert.assertEquals(Assert.java:131)
at org.testng.Assert.assertEquals(Assert.java:655)
at org.testng.Assert.assertEquals(Assert.java:665)
at stepDefinations.GooglePageStepDefinationTest.should_display_selenium_result_page(GooglePageStepDefinationTest.java:53)
at ✽.Should Display Selenium Result Page(file:///C:/Users/Admin/git/BDDCucumber/src/test/resources/features/GooglePageSearch.feature:11)
]]>
    </failure>
  </testcase> <!-- runScenario -->
  <system-out/>
  <testcase classname="runners.MyTestRunner" name="runScenario" time="31.048"/>
  <system-out/>
</testsuite> <!-- runners.MyTestRunner -->
